<?xml version="1.0" encoding="UTF-8"?>
<!-- Generated by org.testng.reporters.JUnitReportReporter -->
<testsuite skipped="0" hostname="Vijay-Anand" name="restAssured.apitest.PetstoreApi" tests="5" failures="0" timestamp="07 Oct 2020 07:52:25 GMT" time="12.157" errors="0">
  <testcase name="createUserArrayList" time="5.156" classname="restAssured.apitest.PetstoreApi"/>
  <testcase name="getuser" time="1.749" classname="restAssured.apitest.PetstoreApi"/>
  <testcase name="loginUser" time="1.671" classname="restAssured.apitest.PetstoreApi"/>
  <testcase name="logoutUser" time="1.672" classname="restAssured.apitest.PetstoreApi"/>
  <testcase name="deleteUser" time="1.909" classname="restAssured.apitest.PetstoreApi"/>
</testsuite> <!-- restAssured.apitest.PetstoreApi -->
