<?xml version="1.0" encoding="UTF-8"?>
<!-- Generated by org.testng.reporters.JUnitReportReporter -->
<testsuite skipped="0" hostname="Vijay-Anand" name="restAssured.apitest.PetstoreApi" tests="5" failures="0" timestamp="18 Oct 2020 07:34:58 GMT" time="7.655" errors="0">
  <testcase name="CreateUser" time="1.661" classname="restAssured.apitest.PetstoreApi"/>
  <testcase name="getuser" time="1.516" classname="restAssured.apitest.PetstoreApi"/>
  <testcase name="logoutUser" time="1.429" classname="restAssured.apitest.PetstoreApi"/>
  <testcase name="loginUser" time="1.476" classname="restAssured.apitest.PetstoreApi"/>
  <testcase name="deleteUser" time="1.573" classname="restAssured.apitest.PetstoreApi"/>
</testsuite> <!-- restAssured.apitest.PetstoreApi -->
