<?xml version="1.0" encoding="UTF-8"?>
<!-- Generated by org.testng.reporters.JUnitReportReporter -->
<testsuite skipped="0" hostname="Vijay-Anand" name="restAssured.apitest.PetstoreUserApiTest" tests="5" failures="0" timestamp="18 Oct 2020 07:42:57 GMT" time="12.045" errors="0">
  <testcase name="loginUser" time="2.553" classname="restAssured.apitest.PetstoreUserApiTest"/>
  <testcase name="getuser" time="2.554" classname="restAssured.apitest.PetstoreUserApiTest"/>
  <testcase name="CreateUser" time="2.539" classname="restAssured.apitest.PetstoreUserApiTest"/>
  <testcase name="deleteUser" time="2.480" classname="restAssured.apitest.PetstoreUserApiTest"/>
  <testcase name="logoutUser" time="1.919" classname="restAssured.apitest.PetstoreUserApiTest"/>
</testsuite> <!-- restAssured.apitest.PetstoreUserApiTest -->
